{"uid":"d85d7cc6fa929dbb","name":"setUpClass","fullName":"io.cucumber.testng.AbstractTestNGCucumberTests.setUpClass","historyId":"e07126c405d3ee63631fd53f5f48a4a5","time":{"start":1721666754263,"stop":1721666754263,"duration":0},"status":"broken","statusMessage":"Failed to parse resource at: file:///D:/personal%20projects/ParaBankAutomationFramework/src/test/java/tests/newAccounts/newAccount.feature\n(1:1): expected: #EOF, #Language, #TagLine, #FeatureLine, #Comment, #Empty, got 'Feature Create new account'\n(4:3): expected: #EOF, #Language, #TagLine, #FeatureLine, #Comment, #Empty, got 'Scenario Outline: new account'\n(5:5): expected: #EOF, #Language, #TagLine, #FeatureLine, #Comment, #Empty, got 'Given User login with \"<username>\" and \"<password>\"'\n(6:5): expected: #EOF, #Language, #TagLine, #FeatureLine, #Comment, #Empty, got 'And Click on open new account page link'\n(7:5): expected: #EOF, #Language, #TagLine, #FeatureLine, #Comment, #Empty, got 'When choose new account type \"<type>\"'\n(8:5): expected: #EOF, #Language, #TagLine, #FeatureLine, #Comment, #Empty, got 'And enter new account'\n(9:5): expected: #EOF, #Language, #TagLine, #FeatureLine, #Comment, #Empty, got 'Then click on create new account button'\n(11:5): expected: #EOF, #Language, #TagLine, #FeatureLine, #Comment, #Empty, got 'Examples:'\n(12:7): expected: #EOF, #Language, #TagLine, #FeatureLine, #Comment, #Empty, got '| username | password | type    |'\n(13:7): expected: #EOF, #Language, #TagLine, #FeatureLine, #Comment, #Empty, got '| username | password | SAVINGS |'","statusTrace":"io.cucumber.core.gherkin.FeatureParserException: Failed to parse resource at: file:///D:/personal%20projects/ParaBankAutomationFramework/src/test/java/tests/newAccounts/newAccount.feature\n(1:1): expected: #EOF, #Language, #TagLine, #FeatureLine, #Comment, #Empty, got 'Feature Create new account'\n(4:3): expected: #EOF, #Language, #TagLine, #FeatureLine, #Comment, #Empty, got 'Scenario Outline: new account'\n(5:5): expected: #EOF, #Language, #TagLine, #FeatureLine, #Comment, #Empty, got 'Given User login with \"<username>\" and \"<password>\"'\n(6:5): expected: #EOF, #Language, #TagLine, #FeatureLine, #Comment, #Empty, got 'And Click on open new account page link'\n(7:5): expected: #EOF, #Language, #TagLine, #FeatureLine, #Comment, #Empty, got 'When choose new account type \"<type>\"'\n(8:5): expected: #EOF, #Language, #TagLine, #FeatureLine, #Comment, #Empty, got 'And enter new account'\n(9:5): expected: #EOF, #Language, #TagLine, #FeatureLine, #Comment, #Empty, got 'Then click on create new account button'\n(11:5): expected: #EOF, #Language, #TagLine, #FeatureLine, #Comment, #Empty, got 'Examples:'\n(12:7): expected: #EOF, #Language, #TagLine, #FeatureLine, #Comment, #Empty, got '| username | password | type    |'\n(13:7): expected: #EOF, #Language, #TagLine, #FeatureLine, #Comment, #Empty, got '| username | password | SAVINGS |'\r\n\tat io.cucumber.core.gherkin.messages.GherkinMessagesFeatureParser.parse(GherkinMessagesFeatureParser.java:56)\r\n\tat io.cucumber.core.feature.FeatureParser.parseResource(FeatureParser.java:46)\r\n\tat java.base/java.util.function.BiFunction.lambda$andThen$0(BiFunction.java:70)\r\n\tat io.cucumber.core.resource.ResourceScanner.lambda$processResource$1(ResourceScanner.java:79)\r\n\tat io.cucumber.core.resource.PathScanner$ResourceFileVisitor.visitFile(PathScanner.java:75)\r\n\tat io.cucumber.core.resource.PathScanner$ResourceFileVisitor.visitFile(PathScanner.java:60)\r\n\tat java.base/java.nio.file.Files.walkFileTree(Files.java:2725)\r\n\tat io.cucumber.core.resource.PathScanner.findResourcesForPath(PathScanner.java:53)\r\n\tat io.cucumber.core.resource.PathScanner.findResourcesForUri(PathScanner.java:31)\r\n\tat io.cucumber.core.resource.ResourceScanner.findResourcesForUri(ResourceScanner.java:61)\r\n\tat io.cucumber.core.resource.ResourceScanner.scanForResourcesUri(ResourceScanner.java:134)\r\n\tat io.cucumber.core.runtime.FeaturePathFeatureSupplier.loadFeatures(FeaturePathFeatureSupplier.java:62)\r\n\tat io.cucumber.core.runtime.FeaturePathFeatureSupplier.get(FeaturePathFeatureSupplier.java:45)\r\n\tat io.cucumber.testng.TestNGCucumberRunner.<init>(TestNGCucumberRunner.java:122)\r\n\tat io.cucumber.testng.AbstractTestNGCucumberTests.setUpClass(AbstractTestNGCucumberTests.java:27)\r\n\tat java.base/jdk.internal.reflect.NativeMethodAccessorImpl.invoke0(Native Method)\r\n\tat java.base/jdk.internal.reflect.NativeMethodAccessorImpl.invoke(NativeMethodAccessorImpl.java:62)\r\n\tat java.base/jdk.internal.reflect.DelegatingMethodAccessorImpl.invoke(DelegatingMethodAccessorImpl.java:43)\r\n\tat java.base/java.lang.reflect.Method.invoke(Method.java:566)\r\n\tat org.testng.internal.invokers.MethodInvocationHelper.invokeMethod(MethodInvocationHelper.java:139)\r\n\tat org.testng.internal.invokers.MethodInvocationHelper.invokeMethodConsideringTimeout(MethodInvocationHelper.java:69)\r\n\tat org.testng.internal.invokers.ConfigInvoker.invokeConfigurationMethod(ConfigInvoker.java:361)\r\n\tat org.testng.internal.invokers.ConfigInvoker.invokeConfigurations(ConfigInvoker.java:296)\r\n\tat org.testng.internal.invokers.TestMethodWorker.invokeBeforeClassMethods(TestMethodWorker.java:180)\r\n\tat org.testng.internal.invokers.TestMethodWorker.run(TestMethodWorker.java:122)\r\n\tat java.base/java.util.ArrayList.forEach(ArrayList.java:1541)\r\n\tat org.testng.TestRunner.privateRun(TestRunner.java:829)\r\n\tat org.testng.TestRunner.run(TestRunner.java:602)\r\n\tat org.testng.SuiteRunner.runTest(SuiteRunner.java:437)\r\n\tat org.testng.SuiteRunner.runSequentially(SuiteRunner.java:431)\r\n\tat org.testng.SuiteRunner.privateRun(SuiteRunner.java:391)\r\n\tat org.testng.SuiteRunner.run(SuiteRunner.java:330)\r\n\tat org.testng.SuiteRunnerWorker.runSuite(SuiteRunnerWorker.java:52)\r\n\tat org.testng.SuiteRunnerWorker.run(SuiteRunnerWorker.java:95)\r\n\tat org.testng.TestNG.runSuitesSequentially(TestNG.java:1256)\r\n\tat org.testng.TestNG.runSuitesLocally(TestNG.java:1176)\r\n\tat org.testng.TestNG.runSuites(TestNG.java:1099)\r\n\tat org.testng.TestNG.run(TestNG.java:1067)\r\n\tat com.intellij.rt.testng.IDEARemoteTestNG.run(IDEARemoteTestNG.java:65)\r\n\tat com.intellij.rt.testng.RemoteTestNGStarter.main(RemoteTestNGStarter.java:105)\r\n","flaky":false,"newFailed":false,"newBroken":false,"newPassed":false,"retriesCount":1,"retriesStatusChange":false,"beforeStages":[{"name":"setUpClass","time":{"start":1721666753602,"stop":1721666754154,"duration":552},"description":"","status":"broken","statusMessage":"Failed to parse resource at: file:///D:/personal%20projects/ParaBankAutomationFramework/src/test/java/tests/newAccounts/newAccount.feature\n(1:1): expected: #EOF, #Language, #TagLine, #FeatureLine, #Comment, #Empty, got 'Feature Create new account'\n(4:3): expected: #EOF, #Language, #TagLine, #FeatureLine, #Comment, #Empty, got 'Scenario Outline: new account'\n(5:5): expected: #EOF, #Language, #TagLine, #FeatureLine, #Comment, #Empty, got 'Given User login with \"<username>\" and \"<password>\"'\n(6:5): expected: #EOF, #Language, #TagLine, #FeatureLine, #Comment, #Empty, got 'And Click on open new account page link'\n(7:5): expected: #EOF, #Language, #TagLine, #FeatureLine, #Comment, #Empty, got 'When choose new account type \"<type>\"'\n(8:5): expected: #EOF, #Language, #TagLine, #FeatureLine, #Comment, #Empty, got 'And enter new account'\n(9:5): expected: #EOF, #Language, #TagLine, #FeatureLine, #Comment, #Empty, got 'Then click on create new account button'\n(11:5): expected: #EOF, #Language, #TagLine, #FeatureLine, #Comment, #Empty, got 'Examples:'\n(12:7): expected: #EOF, #Language, #TagLine, #FeatureLine, #Comment, #Empty, got '| username | password | type    |'\n(13:7): expected: #EOF, #Language, #TagLine, #FeatureLine, #Comment, #Empty, got '| username | password | SAVINGS |'","statusTrace":"io.cucumber.core.gherkin.FeatureParserException: Failed to parse resource at: file:///D:/personal%20projects/ParaBankAutomationFramework/src/test/java/tests/newAccounts/newAccount.feature\n(1:1): expected: #EOF, #Language, #TagLine, #FeatureLine, #Comment, #Empty, got 'Feature Create new account'\n(4:3): expected: #EOF, #Language, #TagLine, #FeatureLine, #Comment, #Empty, got 'Scenario Outline: new account'\n(5:5): expected: #EOF, #Language, #TagLine, #FeatureLine, #Comment, #Empty, got 'Given User login with \"<username>\" and \"<password>\"'\n(6:5): expected: #EOF, #Language, #TagLine, #FeatureLine, #Comment, #Empty, got 'And Click on open new account page link'\n(7:5): expected: #EOF, #Language, #TagLine, #FeatureLine, #Comment, #Empty, got 'When choose new account type \"<type>\"'\n(8:5): expected: #EOF, #Language, #TagLine, #FeatureLine, #Comment, #Empty, got 'And enter new account'\n(9:5): expected: #EOF, #Language, #TagLine, #FeatureLine, #Comment, #Empty, got 'Then click on create new account button'\n(11:5): expected: #EOF, #Language, #TagLine, #FeatureLine, #Comment, #Empty, got 'Examples:'\n(12:7): expected: #EOF, #Language, #TagLine, #FeatureLine, #Comment, #Empty, got '| username | password | type    |'\n(13:7): expected: #EOF, #Language, #TagLine, #FeatureLine, #Comment, #Empty, got '| username | password | SAVINGS |'\r\n\tat io.cucumber.core.gherkin.messages.GherkinMessagesFeatureParser.parse(GherkinMessagesFeatureParser.java:56)\r\n\tat io.cucumber.core.feature.FeatureParser.parseResource(FeatureParser.java:46)\r\n\tat java.base/java.util.function.BiFunction.lambda$andThen$0(BiFunction.java:70)\r\n\tat io.cucumber.core.resource.ResourceScanner.lambda$processResource$1(ResourceScanner.java:79)\r\n\tat io.cucumber.core.resource.PathScanner$ResourceFileVisitor.visitFile(PathScanner.java:75)\r\n\tat io.cucumber.core.resource.PathScanner$ResourceFileVisitor.visitFile(PathScanner.java:60)\r\n\tat java.base/java.nio.file.Files.walkFileTree(Files.java:2725)\r\n\tat io.cucumber.core.resource.PathScanner.findResourcesForPath(PathScanner.java:53)\r\n\tat io.cucumber.core.resource.PathScanner.findResourcesForUri(PathScanner.java:31)\r\n\tat io.cucumber.core.resource.ResourceScanner.findResourcesForUri(ResourceScanner.java:61)\r\n\tat io.cucumber.core.resource.ResourceScanner.scanForResourcesUri(ResourceScanner.java:134)\r\n\tat io.cucumber.core.runtime.FeaturePathFeatureSupplier.loadFeatures(FeaturePathFeatureSupplier.java:62)\r\n\tat io.cucumber.core.runtime.FeaturePathFeatureSupplier.get(FeaturePathFeatureSupplier.java:45)\r\n\tat io.cucumber.testng.TestNGCucumberRunner.<init>(TestNGCucumberRunner.java:122)\r\n\tat io.cucumber.testng.AbstractTestNGCucumberTests.setUpClass(AbstractTestNGCucumberTests.java:27)\r\n\tat java.base/jdk.internal.reflect.NativeMethodAccessorImpl.invoke0(Native Method)\r\n\tat java.base/jdk.internal.reflect.NativeMethodAccessorImpl.invoke(NativeMethodAccessorImpl.java:62)\r\n\tat java.base/jdk.internal.reflect.DelegatingMethodAccessorImpl.invoke(DelegatingMethodAccessorImpl.java:43)\r\n\tat java.base/java.lang.reflect.Method.invoke(Method.java:566)\r\n\tat org.testng.internal.invokers.MethodInvocationHelper.invokeMethod(MethodInvocationHelper.java:139)\r\n\tat org.testng.internal.invokers.MethodInvocationHelper.invokeMethodConsideringTimeout(MethodInvocationHelper.java:69)\r\n\tat org.testng.internal.invokers.ConfigInvoker.invokeConfigurationMethod(ConfigInvoker.java:361)\r\n\tat org.testng.internal.invokers.ConfigInvoker.invokeConfigurations(ConfigInvoker.java:296)\r\n\tat org.testng.internal.invokers.TestMethodWorker.invokeBeforeClassMethods(TestMethodWorker.java:180)\r\n\tat org.testng.internal.invokers.TestMethodWorker.run(TestMethodWorker.java:122)\r\n\tat java.base/java.util.ArrayList.forEach(ArrayList.java:1541)\r\n\tat org.testng.TestRunner.privateRun(TestRunner.java:829)\r\n\tat org.testng.TestRunner.run(TestRunner.java:602)\r\n\tat org.testng.SuiteRunner.runTest(SuiteRunner.java:437)\r\n\tat org.testng.SuiteRunner.runSequentially(SuiteRunner.java:431)\r\n\tat org.testng.SuiteRunner.privateRun(SuiteRunner.java:391)\r\n\tat org.testng.SuiteRunner.run(SuiteRunner.java:330)\r\n\tat org.testng.SuiteRunnerWorker.runSuite(SuiteRunnerWorker.java:52)\r\n\tat org.testng.SuiteRunnerWorker.run(SuiteRunnerWorker.java:95)\r\n\tat org.testng.TestNG.runSuitesSequentially(TestNG.java:1256)\r\n\tat org.testng.TestNG.runSuitesLocally(TestNG.java:1176)\r\n\tat org.testng.TestNG.runSuites(TestNG.java:1099)\r\n\tat org.testng.TestNG.run(TestNG.java:1067)\r\n\tat com.intellij.rt.testng.IDEARemoteTestNG.run(IDEARemoteTestNG.java:65)\r\n\tat com.intellij.rt.testng.RemoteTestNGStarter.main(RemoteTestNGStarter.java:105)\r\n","steps":[],"attachments":[],"parameters":[],"stepsCount":0,"hasContent":true,"attachmentsCount":0,"shouldDisplayMessage":true}],"afterStages":[{"name":"tearDownClass","time":{"start":1721666754466,"stop":1721666754466,"duration":0},"description":"","status":"passed","steps":[],"attachments":[],"parameters":[],"stepsCount":0,"hasContent":false,"attachmentsCount":0,"shouldDisplayMessage":false}],"labels":[{"name":"package","value":"tests.Prunner"},{"name":"testClass","value":"tests.Prunner"},{"name":"testMethod","value":"setUpClass"},{"name":"parentSuite","value":"Default Suite"},{"name":"suite","value":"ParaBankAutomationFramework"},{"name":"subSuite","value":"tests.Prunner"},{"name":"host","value":"DESKTOP-GSNFGBF"},{"name":"thread","value":"13336@DESKTOP-GSNFGBF.main(1)"},{"name":"framework","value":"testng"},{"name":"language","value":"java"},{"name":"AS_ID","value":"-1"},{"name":"resultFormat","value":"allure2"}],"parameters":[],"links":[],"hidden":false,"retry":false,"extra":{"severity":"normal","retries":[{"uid":"f575cdfc40081f9c","status":"broken","statusDetails":"path must exist: D:\\personal projects\\ParaBankAutomationFramework\\src\\test\\java\\newAccounts","time":{"start":1721666442355,"stop":1721666442370,"duration":15}}],"categories":[{"name":"Test defects","matchedStatuses":[],"flaky":false}],"tags":[]},"source":"d85d7cc6fa929dbb.json","parameterValues":[]}